[35m[1mScanning dependencies of target my_node[0m
make[2]: *** No rule to make target '/home/lab/fleet_system_ws/src/my_package/src/my_node.cpp', needed by 'CMakeFiles/my_node.dir/src/my_node.cpp.o'.  Stop.
make[1]: *** [CMakeFiles/Makefile2:528: CMakeFiles/my_node.dir/all] Error 2
make[1]: *** Waiting for unfinished jobs....
[  3%] Built target my_package__cpp
[ 12%] Built target my_package__rosidl_generator_c
make: *** [Makefile:141: all] Error 2
